This is pdfTeX, Version 3.14159265-2.6-1.40.19 (MiKTeX 2.9.6800 64-bit) (preloaded format=pdflatex 2018.9.24)  11 MAR 2020 11:16
entering extended mode
**./InterestRateCostOfSocialDemocracy.tex
(InterestRateCostOfSocialDemocracy.tex
LaTeX2e <2018-04-01> patch level 5

("C:\Users\jornstein\AppData\Local\Programs\MiKTeX 2.9\tex\latex\base\article.c
ls"
Document Class: article 2014/09/29 v1.4h Standard LaTeX document class

("C:\Users\jornstein\AppData\Local\Programs\MiKTeX 2.9\tex\latex\base\size12.cl
o"
File: size12.clo 2014/09/29 v1.4h Standard LaTeX file (size option)
)
\c@part=\count80
\c@section=\count81
\c@subsection=\count82
\c@subsubsection=\count83
\c@paragraph=\count84
\c@subparagraph=\count85
\c@figure=\count86
\c@table=\count87
\abovecaptionskip=\skip41
\belowcaptionskip=\skip42
\bibindent=\dimen102
)
("C:\Users\jornstein\AppData\Local\Programs\MiKTeX 2.9\tex\latex\base\inputenc.
sty"
Package: inputenc 2018/04/06 v1.3b Input encoding file
\inpenc@prehook=\toks14
\inpenc@posthook=\toks15

("C:\Users\jornstein\AppData\Local\Programs\MiKTeX 2.9\tex\latex\base\latin1.de
f"
File: latin1.def 2018/04/06 v1.3b Input encoding file
))
("C:\Users\jornstein\AppData\Local\Programs\MiKTeX 2.9\tex\latex\amsmath\amsmat
h.sty"
Package: amsmath 2017/09/02 v2.17a AMS math features
\@mathmargin=\skip43

For additional information on amsmath, use the `?' option.

("C:\Users\jornstein\AppData\Local\Programs\MiKTeX 2.9\tex\latex\amsmath\amstex
t.sty"
Package: amstext 2000/06/29 v2.01 AMS text

("C:\Users\jornstein\AppData\Local\Programs\MiKTeX 2.9\tex\latex\amsmath\amsgen
.sty"
File: amsgen.sty 1999/11/30 v2.0 generic functions
\@emptytoks=\toks16
\ex@=\dimen103
))
("C:\Users\jornstein\AppData\Local\Programs\MiKTeX 2.9\tex\latex\amsmath\amsbsy
.sty"
Package: amsbsy 1999/11/29 v1.2d Bold Symbols
\pmbraise@=\dimen104
)
("C:\Users\jornstein\AppData\Local\Programs\MiKTeX 2.9\tex\latex\amsmath\amsopn
.sty"
Package: amsopn 2016/03/08 v2.02 operator names
)
\inf@bad=\count88
LaTeX Info: Redefining \frac on input line 213.
\uproot@=\count89
\leftroot@=\count90
LaTeX Info: Redefining \overline on input line 375.
\classnum@=\count91
\DOTSCASE@=\count92
LaTeX Info: Redefining \ldots on input line 472.
LaTeX Info: Redefining \dots on input line 475.
LaTeX Info: Redefining \cdots on input line 596.
\Mathstrutbox@=\box26
\strutbox@=\box27
\big@size=\dimen105
LaTeX Font Info:    Redeclaring font encoding OML on input line 712.
LaTeX Font Info:    Redeclaring font encoding OMS on input line 713.
\macc@depth=\count93
\c@MaxMatrixCols=\count94
\dotsspace@=\muskip10
\c@parentequation=\count95
\dspbrk@lvl=\count96
\tag@help=\toks17
\row@=\count97
\column@=\count98
\maxfields@=\count99
\andhelp@=\toks18
\eqnshift@=\dimen106
\alignsep@=\dimen107
\tagshift@=\dimen108
\tagwidth@=\dimen109
\totwidth@=\dimen110
\lineht@=\dimen111
\@envbody=\toks19
\multlinegap=\skip44
\multlinetaggap=\skip45
\mathdisplay@stack=\toks20
LaTeX Info: Redefining \[ on input line 2817.
LaTeX Info: Redefining \] on input line 2818.
)
("C:\Users\jornstein\AppData\Local\Programs\MiKTeX 2.9\tex\latex\mathtools\math
tools.sty"
Package: mathtools 2018/01/08 v1.21 mathematical typesetting tools

("C:\Users\jornstein\AppData\Local\Programs\MiKTeX 2.9\tex\latex\graphics\keyva
l.sty"
Package: keyval 2014/10/28 v1.15 key=value parser (DPC)
\KV@toks@=\toks21
)
("C:\Users\jornstein\AppData\Local\Programs\MiKTeX 2.9\tex\latex\tools\calc.sty
"
Package: calc 2017/05/25 v4.3 Infix arithmetic (KKT,FJ)
\calc@Acount=\count100
\calc@Bcount=\count101
\calc@Adimen=\dimen112
\calc@Bdimen=\dimen113
\calc@Askip=\skip46
\calc@Bskip=\skip47
LaTeX Info: Redefining \setlength on input line 80.
LaTeX Info: Redefining \addtolength on input line 81.
\calc@Ccount=\count102
\calc@Cskip=\skip48
)
("C:\Users\jornstein\AppData\Local\Programs\MiKTeX 2.9\tex\latex\mathtools\mhse
tup.sty"
Package: mhsetup 2017/03/31 v1.3 programming setup (MH)
)
LaTeX Info: Thecontrolsequence`\('isalreadyrobust on input line 129.
LaTeX Info: Thecontrolsequence`\)'isalreadyrobust on input line 129.
LaTeX Info: Thecontrolsequence`\['isalreadyrobust on input line 129.
LaTeX Info: Thecontrolsequence`\]'isalreadyrobust on input line 129.
\g_MT_multlinerow_int=\count103
\l_MT_multwidth_dim=\dimen114
\origjot=\skip49
\l_MT_shortvdotswithinadjustabove_dim=\dimen115
\l_MT_shortvdotswithinadjustbelow_dim=\dimen116
\l_MT_above_intertext_sep=\dimen117
\l_MT_below_intertext_sep=\dimen118
\l_MT_above_shortintertext_sep=\dimen119
\l_MT_below_shortintertext_sep=\dimen120
)
("C:\Users\jornstein\AppData\Local\Programs\MiKTeX 2.9\tex\latex\amsfonts\amsfo
nts.sty"
Package: amsfonts 2013/01/14 v3.01 Basic AMSFonts support
\symAMSa=\mathgroup4
\symAMSb=\mathgroup5
LaTeX Font Info:    Overwriting math alphabet `\mathfrak' in version `bold'
(Font)                  U/euf/m/n --> U/euf/b/n on input line 106.
)
("C:\Users\jornstein\AppData\Local\Programs\MiKTeX 2.9\tex\latex\amsfonts\amssy
mb.sty"
Package: amssymb 2013/01/14 v3.01 AMS font symbols
)
("C:\Users\jornstein\AppData\Local\Programs\MiKTeX 2.9\tex\latex\graphics\graph
icx.sty"
Package: graphicx 2017/06/01 v1.1a Enhanced LaTeX Graphics (DPC,SPQR)

("C:\Users\jornstein\AppData\Local\Programs\MiKTeX 2.9\tex\latex\graphics\graph
ics.sty"
Package: graphics 2017/06/25 v1.2c Standard LaTeX Graphics (DPC,SPQR)

("C:\Users\jornstein\AppData\Local\Programs\MiKTeX 2.9\tex\latex\graphics\trig.
sty"
Package: trig 2016/01/03 v1.10 sin cos tan (DPC)
)
("C:\Users\jornstein\AppData\Local\Programs\MiKTeX 2.9\tex\latex\graphics-cfg\g
raphics.cfg"
File: graphics.cfg 2016/06/04 v1.11 sample graphics configuration
)
Package graphics Info: Driver file: pdftex.def on input line 99.

("C:\Users\jornstein\AppData\Local\Programs\MiKTeX 2.9\tex\latex\graphics-def\p
dftex.def"
File: pdftex.def 2018/01/08 v1.0l Graphics/color driver for pdftex
))
\Gin@req@height=\dimen121
\Gin@req@width=\dimen122
)
("C:\Users\jornstein\AppData\Local\Programs\MiKTeX 2.9\tex\latex\natbib\natbib.
sty"
Package: natbib 2010/09/13 8.31b (PWD, AO)
\bibhang=\skip50
\bibsep=\skip51
LaTeX Info: Redefining \cite on input line 694.
\c@NAT@ctr=\count104
)
("C:\Users\jornstein\AppData\Local\Programs\MiKTeX 2.9\tex\latex\graphics\rotat
ing.sty"
Package: rotating 2016/08/11 v2.16d rotated objects in LaTeX

("C:\Users\jornstein\AppData\Local\Programs\MiKTeX 2.9\tex\latex\base\ifthen.st
y"
Package: ifthen 2014/09/29 v1.1c Standard LaTeX ifthen package (DPC)
)
\c@r@tfl@t=\count105
\rotFPtop=\skip52
\rotFPbot=\skip53
\rot@float@box=\box28
\rot@mess@toks=\toks22
)
("C:\Users\jornstein\AppData\Local\Programs\MiKTeX 2.9\tex\latex\hyperref\hyper
ref.sty"
Package: hyperref 2018/02/06 v6.86b Hypertext links for LaTeX

("C:\Users\jornstein\AppData\Local\Programs\MiKTeX 2.9\tex\generic\oberdiek\hob
sub-hyperref.sty"
Package: hobsub-hyperref 2016/05/16 v1.14 Bundle oberdiek, subset hyperref (HO)


("C:\Users\jornstein\AppData\Local\Programs\MiKTeX 2.9\tex\generic\oberdiek\hob
sub-generic.sty"
Package: hobsub-generic 2016/05/16 v1.14 Bundle oberdiek, subset generic (HO)
Package: hobsub 2016/05/16 v1.14 Construct package bundles (HO)
Package: infwarerr 2016/05/16 v1.4 Providing info/warning/error messages (HO)
Package: ltxcmds 2016/05/16 v1.23 LaTeX kernel commands for general use (HO)
Package: ifluatex 2016/05/16 v1.4 Provides the ifluatex switch (HO)
Package ifluatex Info: LuaTeX not detected.
Package: ifvtex 2016/05/16 v1.6 Detect VTeX and its facilities (HO)
Package ifvtex Info: VTeX not detected.
Package: intcalc 2016/05/16 v1.2 Expandable calculations with integers (HO)
Package: ifpdf 2017/03/15 v3.2 Provides the ifpdf switch
Package: etexcmds 2016/05/16 v1.6 Avoid name clashes with e-TeX commands (HO)
Package etexcmds Info: Could not find \expanded.
(etexcmds)             That can mean that you are not using pdfTeX 1.50 or
(etexcmds)             that some package has redefined \expanded.
(etexcmds)             In the latter case, load this package earlier.
Package: kvsetkeys 2016/05/16 v1.17 Key value parser (HO)
Package: kvdefinekeys 2016/05/16 v1.4 Define keys (HO)
Package: pdftexcmds 2018/01/30 v0.27 Utility functions of pdfTeX for LuaTeX (HO
)
Package pdftexcmds Info: LuaTeX not detected.
Package pdftexcmds Info: \pdf@primitive is available.
Package pdftexcmds Info: \pdf@ifprimitive is available.
Package pdftexcmds Info: \pdfdraftmode found.
Package: pdfescape 2016/05/16 v1.14 Implements pdfTeX's escape features (HO)
Package: bigintcalc 2016/05/16 v1.4 Expandable calculations on big integers (HO
)
Package: bitset 2016/05/16 v1.2 Handle bit-vector datatype (HO)
Package: uniquecounter 2016/05/16 v1.3 Provide unlimited unique counter (HO)
)
Package hobsub Info: Skipping package `hobsub' (already loaded).
Package: letltxmacro 2016/05/16 v1.5 Let assignment for LaTeX macros (HO)
Package: hopatch 2016/05/16 v1.3 Wrapper for package hooks (HO)
Package: xcolor-patch 2016/05/16 xcolor patch
Package: atveryend 2016/05/16 v1.9 Hooks at the very end of document (HO)
Package atveryend Info: \enddocument detected (standard20110627).
Package: atbegshi 2016/06/09 v1.18 At begin shipout hook (HO)
Package: refcount 2016/05/16 v3.5 Data extraction from label references (HO)
Package: hycolor 2016/05/16 v1.8 Color options for hyperref/bookmark (HO)
)
("C:\Users\jornstein\AppData\Local\Programs\MiKTeX 2.9\tex\generic\ifxetex\ifxe
tex.sty"
Package: ifxetex 2010/09/12 v0.6 Provides ifxetex conditional
)
("C:\Users\jornstein\AppData\Local\Programs\MiKTeX 2.9\tex\latex\oberdiek\auxho
ok.sty"
Package: auxhook 2016/05/16 v1.4 Hooks for auxiliary files (HO)
)
("C:\Users\jornstein\AppData\Local\Programs\MiKTeX 2.9\tex\latex\oberdiek\kvopt
ions.sty"
Package: kvoptions 2016/05/16 v3.12 Key value format for package options (HO)
)
\@linkdim=\dimen123
\Hy@linkcounter=\count106
\Hy@pagecounter=\count107

("C:\Users\jornstein\AppData\Local\Programs\MiKTeX 2.9\tex\latex\hyperref\pd1en
c.def"
File: pd1enc.def 2018/02/06 v6.86b Hyperref: PDFDocEncoding definition (HO)
Now handling font encoding PD1 ...
... no UTF-8 mapping file for font encoding PD1
)
\Hy@SavedSpaceFactor=\count108

("C:\Users\jornstein\AppData\Local\Programs\MiKTeX 2.9\tex\latex\00miktex\hyper
ref.cfg"
File: hyperref.cfg 2002/06/06 v1.2 hyperref configuration of TeXLive
)
Package hyperref Info: Hyper figures OFF on input line 4509.
Package hyperref Info: Link nesting OFF on input line 4514.
Package hyperref Info: Hyper index ON on input line 4517.
Package hyperref Info: Plain pages OFF on input line 4524.
Package hyperref Info: Backreferencing OFF on input line 4529.
Package hyperref Info: Implicit mode ON; LaTeX internals redefined.
Package hyperref Info: Bookmarks ON on input line 4762.
\c@Hy@tempcnt=\count109

("C:\Users\jornstein\AppData\Local\Programs\MiKTeX 2.9\tex\latex\url\url.sty"
\Urlmuskip=\muskip11
Package: url 2013/09/16  ver 3.4  Verb mode for urls, etc.
)
LaTeX Info: Redefining \url on input line 5115.
\XeTeXLinkMargin=\dimen124
\Fld@menulength=\count110
\Field@Width=\dimen125
\Fld@charsize=\dimen126
Package hyperref Info: Hyper figures OFF on input line 6369.
Package hyperref Info: Link nesting OFF on input line 6374.
Package hyperref Info: Hyper index ON on input line 6377.
Package hyperref Info: backreferencing OFF on input line 6384.
Package hyperref Info: Link coloring OFF on input line 6389.
Package hyperref Info: Link coloring with OCG OFF on input line 6394.
Package hyperref Info: PDF/A mode OFF on input line 6399.
LaTeX Info: Redefining \ref on input line 6439.
LaTeX Info: Redefining \pageref on input line 6443.
\Hy@abspage=\count111
\c@Item=\count112
\c@Hfootnote=\count113
)
Package hyperref Info: Driver (autodetected): hpdftex.

("C:\Users\jornstein\AppData\Local\Programs\MiKTeX 2.9\tex\latex\hyperref\hpdft
ex.def"
File: hpdftex.def 2018/02/06 v6.86b Hyperref driver for pdfTeX
\Fld@listcount=\count114
\c@bookmark@seq@number=\count115

("C:\Users\jornstein\AppData\Local\Programs\MiKTeX 2.9\tex\latex\oberdiek\rerun
filecheck.sty"
Package: rerunfilecheck 2016/05/16 v1.8 Rerun checks for auxiliary files (HO)
Package uniquecounter Info: New unique counter `rerunfilecheck' on input line 2
82.
)
\Hy@SectionHShift=\skip54
)
("C:\Users\jornstein\AppData\Local\Programs\MiKTeX 2.9\tex\latex\appendix\appen
dix.sty"
Package: appendix 2009/09/02 v1.2b extra appendix facilities
\c@@pps=\count116
\c@@ppsavesec=\count117
\c@@ppsaveapp=\count118
)
("C:\Users\jornstein\AppData\Local\Programs\MiKTeX 2.9\tex\latex\geometry\geome
try.sty"
Package: geometry 2018/04/16 v5.8 Page Geometry
\Gm@cnth=\count119
\Gm@cntv=\count120
\c@Gm@tempcnt=\count121
\Gm@bindingoffset=\dimen127
\Gm@wd@mp=\dimen128
\Gm@odd@mp=\dimen129
\Gm@even@mp=\dimen130
\Gm@layoutwidth=\dimen131
\Gm@layoutheight=\dimen132
\Gm@layouthoffset=\dimen133
\Gm@layoutvoffset=\dimen134
\Gm@dimlist=\toks23

("C:\Users\jornstein\AppData\Local\Programs\MiKTeX 2.9\tex\latex\geometry\geome
try.cfg"))
("C:\Users\jornstein\AppData\Local\Programs\MiKTeX 2.9\tex\latex\setspace\setsp
ace.sty"
Package: setspace 2011/12/19 v6.7a set line spacing
) (InterestRateCostOfSocialDemocracy.aux)
\openout1 = `InterestRateCostOfSocialDemocracy.aux'.

LaTeX Font Info:    Checking defaults for OML/cmm/m/it on input line 26.
LaTeX Font Info:    ... okay on input line 26.
LaTeX Font Info:    Checking defaults for T1/cmr/m/n on input line 26.
LaTeX Font Info:    ... okay on input line 26.
LaTeX Font Info:    Checking defaults for OT1/cmr/m/n on input line 26.
LaTeX Font Info:    ... okay on input line 26.
LaTeX Font Info:    Checking defaults for OMS/cmsy/m/n on input line 26.
LaTeX Font Info:    ... okay on input line 26.
LaTeX Font Info:    Checking defaults for OMX/cmex/m/n on input line 26.
LaTeX Font Info:    ... okay on input line 26.
LaTeX Font Info:    Checking defaults for U/cmr/m/n on input line 26.
LaTeX Font Info:    ... okay on input line 26.
LaTeX Font Info:    Checking defaults for PD1/pdf/m/n on input line 26.
LaTeX Font Info:    ... okay on input line 26.

("C:\Users\jornstein\AppData\Local\Programs\MiKTeX 2.9\tex\context\base\supp-pd
f.mkii"
[Loading MPS to PDF converter (version 2006.09.02).]
\scratchcounter=\count122
\scratchdimen=\dimen135
\scratchbox=\box29
\nofMPsegments=\count123
\nofMParguments=\count124
\everyMPshowfont=\toks24
\MPscratchCnt=\count125
\MPscratchDim=\dimen136
\MPnumerator=\count126
\makeMPintoPDFobject=\count127
\everyMPtoPDFconversion=\toks25
)
("C:\Users\jornstein\AppData\Local\Programs\MiKTeX 2.9\tex\latex\oberdiek\epsto
pdf-base.sty"
Package: epstopdf-base 2016/05/15 v2.6 Base part for package epstopdf

("C:\Users\jornstein\AppData\Local\Programs\MiKTeX 2.9\tex\latex\oberdiek\grfex
t.sty"
Package: grfext 2016/05/16 v1.2 Manage graphics extensions (HO)
)
Package epstopdf-base Info: Redefining graphics rule for `.eps' on input line 4
38.
Package grfext Info: Graphics extension search list:
(grfext)             [.pdf,.png,.jpg,.mps,.jpeg,.jbig2,.jb2,.PDF,.PNG,.JPG,.JPE
G,.JBIG2,.JB2,.eps]
(grfext)             \AppendGraphicsExtensions on input line 456.
)
\AtBeginShipoutBox=\box30
Package hyperref Info: Link coloring OFF on input line 26.

("C:\Users\jornstein\AppData\Local\Programs\MiKTeX 2.9\tex\latex\hyperref\namer
ef.sty"
Package: nameref 2016/05/21 v2.44 Cross-referencing by name of section

("C:\Users\jornstein\AppData\Local\Programs\MiKTeX 2.9\tex\generic\oberdiek\get
titlestring.sty"
Package: gettitlestring 2016/05/16 v1.5 Cleanup title references (HO)
)
\c@section@level=\count128
)
LaTeX Info: Redefining \ref on input line 26.
LaTeX Info: Redefining \pageref on input line 26.
LaTeX Info: Redefining \nameref on input line 26.
 (InterestRateCostOfSocialDemocracy.out)
(InterestRateCostOfSocialDemocracy.out)
\@outlinefile=\write3
\openout3 = `InterestRateCostOfSocialDemocracy.out'.


*geometry* driver: auto-detecting
*geometry* detected driver: pdftex
*geometry* verbose mode - [ preamble ] result:
* driver: pdftex
* paper: <default>
* layout: <same size as paper>
* layoutoffset:(h,v)=(0.0pt,0.0pt)
* modes: 
* h-part:(L,W,R)=(72.26999pt, 469.75502pt, 72.26999pt)
* v-part:(T,H,B)=(72.26999pt, 650.43001pt, 72.26999pt)
* \paperwidth=614.295pt
* \paperheight=794.96999pt
* \textwidth=469.75502pt
* \textheight=650.43001pt
* \oddsidemargin=0.0pt
* \evensidemargin=0.0pt
* \topmargin=-37.0pt
* \headheight=12.0pt
* \headsep=25.0pt
* \topskip=12.0pt
* \footskip=30.0pt
* \marginparwidth=44.0pt
* \marginparsep=10.0pt
* \columnsep=10.0pt
* \skip\footins=10.8pt plus 4.0pt minus 2.0pt
* \hoffset=0.0pt
* \voffset=0.0pt
* \mag=1000
* \@twocolumnfalse
* \@twosidefalse
* \@mparswitchfalse
* \@reversemarginfalse
* (1in=72.27pt=25.4mm, 1cm=28.453pt)

LaTeX Font Info:    Try loading font information for U+msa on input line 30.

("C:\Users\jornstein\AppData\Local\Programs\MiKTeX 2.9\tex\latex\amsfonts\umsa.
fd"
File: umsa.fd 2013/01/14 v3.01 AMS symbols A
)
LaTeX Font Info:    Try loading font information for U+msb on input line 30.

("C:\Users\jornstein\AppData\Local\Programs\MiKTeX 2.9\tex\latex\amsfonts\umsb.
fd"
File: umsb.fd 2013/01/14 v3.01 AMS symbols B
)
LaTeX Font Info:    Try loading font information for OMS+cmr on input line 30.

("C:\Users\jornstein\AppData\Local\Programs\MiKTeX 2.9\tex\latex\base\omscmr.fd
"
File: omscmr.fd 2014/09/29 v2.5h Standard LaTeX font definitions
)
LaTeX Font Info:    Font shape `OMS/cmr/m/n' in size <10> not available
(Font)              Font shape `OMS/cmsy/m/n' tried instead on input line 30.
LaTeX Font Info:    Font shape `OMS/cmr/m/n' in size <7> not available
(Font)              Font shape `OMS/cmsy/m/n' tried instead on input line 30.
 [1

{C:/Users/jornstein/AppData/Local/MiKTeX/2.9/pdftex/config/pdftex.map}]
[2] [3] [4] [5]
<figures/Figure1.png, id=183, 1897.0875pt x 1309.89375pt>
File: figures/Figure1.png Graphic file (type png)
<use figures/Figure1.png>
Package pdftex.def Info: figures/Figure1.png  used on input line 116.
(pdftex.def)             Requested size: 469.75502pt x 324.35461pt.


LaTeX Warning: `h' float specifier changed to `ht'.

[6] [7 <./figures/Figure1.png>] [8]
<figures/Figure2.png, id=245, 578.16pt x 289.08pt>
File: figures/Figure2.png Graphic file (type png)
<use figures/Figure2.png>
Package pdftex.def Info: figures/Figure2.png  used on input line 148.
(pdftex.def)             Requested size: 469.75502pt x 234.8769pt.
 [9]

LaTeX Warning: `h' float specifier changed to `ht'.

[10 <./figures/Figure2.png>]
<figures/Figure3.png, id=269, 1043.3379pt x 827.9733pt>
File: figures/Figure3.png Graphic file (type png)
<use figures/Figure3.png>
Package pdftex.def Info: figures/Figure3.png  used on input line 190.
(pdftex.def)             Requested size: 469.75502pt x 372.78668pt.
 [11] [12 <./figures/Figure3.png>]
<figures/Figure4.png, id=286, 578.16pt x 289.08pt>
File: figures/Figure4.png Graphic file (type png)
<use figures/Figure4.png>
Package pdftex.def Info: figures/Figure4.png  used on input line 226.
(pdftex.def)             Requested size: 469.75502pt x 234.8769pt.


LaTeX Warning: `h' float specifier changed to `ht'.

[13]
<figures/Figure5.png, id=295, 521.5485pt x 413.8662pt>
File: figures/Figure5.png Graphic file (type png)
<use figures/Figure5.png>
Package pdftex.def Info: figures/Figure5.png  used on input line 239.
(pdftex.def)             Requested size: 469.75502pt x 372.77293pt.


LaTeX Warning: `h' float specifier changed to `ht'.

[14 <./figures/Figure4.png>]
<figures/Figure6.png, id=310, 521.5485pt x 413.8662pt>
File: figures/Figure6.png Graphic file (type png)
<use figures/Figure6.png>
Package pdftex.def Info: figures/Figure6.png  used on input line 249.
(pdftex.def)             Requested size: 469.75502pt x 372.77293pt.
 [15 <./figures/Figure5.png>] [16 <./figures/Figure6.png>] [17] (InterestRateCo
stOfSocialDemocracy.bbl [18] [19] [20] [21])
<figures/Figure7.png, id=351, 573.8238pt x 455.301pt>
File: figures/Figure7.png Graphic file (type png)
<use figures/Figure7.png>
Package pdftex.def Info: figures/Figure7.png  used on input line 275.
(pdftex.def)             Requested size: 469.75502pt x 372.73091pt.


LaTeX Warning: `h' float specifier changed to `ht'.

<figures/Figure8.png, id=353, 521.5485pt x 413.8662pt>
File: figures/Figure8.png Graphic file (type png)
<use figures/Figure8.png>
Package pdftex.def Info: figures/Figure8.png  used on input line 284.
(pdftex.def)             Requested size: 469.75502pt x 372.77293pt.

LaTeX Warning: `h' float specifier changed to `ht'.


LaTeX Warning: `h' float specifier changed to `ht'.

[22]
<figures/Figure9.png, id=367, 521.5485pt x 413.8662pt>
File: figures/Figure9.png Graphic file (type png)
<use figures/Figure9.png>
Package pdftex.def Info: figures/Figure9.png  used on input line 324.
(pdftex.def)             Requested size: 469.75502pt x 372.77293pt.


LaTeX Warning: `h' float specifier changed to `ht'.

[23 <./figures/Figure7.png>]

LaTeX Warning: `h' float specifier changed to `ht'.

[24 <./figures/Figure8.png>]
<figures/Figure10.png, id=382, 782.4432pt x 621.0402pt>
File: figures/Figure10.png Graphic file (type png)
<use figures/Figure10.png>
Package pdftex.def Info: figures/Figure10.png  used on input line 368.
(pdftex.def)             Requested size: 469.75502pt x 372.85443pt.


LaTeX Warning: `h' float specifier changed to `ht'.

Package atveryend Info: Empty hook `BeforeClearDocument' on input line 379.
[25] [26 <./figures/Figure9.png>] [27] [28 <./figures/Figure10.png>]
Package atveryend Info: Empty hook `AfterLastShipout' on input line 379.

(InterestRateCostOfSocialDemocracy.aux)
Package atveryend Info: Executing hook `AtVeryEndDocument' on input line 379.
Package atveryend Info: Executing hook `AtEndAfterFileList' on input line 379.
Package rerunfilecheck Info: File `InterestRateCostOfSocialDemocracy.out' has n
ot changed.
(rerunfilecheck)             Checksum: A8404601F253C6159AF865112206CA9B;1050.
Package atveryend Info: Empty hook `AtVeryVeryEnd' on input line 379.
 ) 
Here is how much of TeX's memory you used:
 7785 strings out of 492973
 116958 string characters out of 3124920
 222344 words of memory out of 3000000
 11447 multiletter control sequences out of 15000+200000
 14211 words of font info for 55 fonts, out of 3000000 for 9000
 1141 hyphenation exceptions out of 8191
 30i,12n,31p,6083b,491s stack positions out of 5000i,500n,10000p,200000b,50000s
pdfTeX warning (dest): name{Hfootnote.11} has been referenced but does not ex
ist, replaced by a fixed one

pdfTeX warning (dest): name{Hfootnote.10} has been referenced but does not exis
t, replaced by a fixed one

pdfTeX warning (dest): name{Hfootnote.9} has been referenced but does not exist
, replaced by a fixed one

pdfTeX warning (dest): name{Hfootnote.8} has been referenced but does not exist
, replaced by a fixed one

pdfTeX warning (dest): name{Hfootnote.7} has been referenced but does not exist
, replaced by a fixed one

pdfTeX warning (dest): name{Hfootnote.6} has been referenced but does not exist
, replaced by a fixed one

pdfTeX warning (dest): name{Hfootnote.5} has been referenced but does not exist
, replaced by a fixed one

pdfTeX warning (dest): name{Hfootnote.4} has been referenced but does not exist
, replaced by a fixed one

pdfTeX warning (dest): name{Hfootnote.3} has been referenced but does not exist
, replaced by a fixed one

pdfTeX warning (dest): name{Hfootnote.2} has been referenced but does not exist
, replaced by a fixed one

pdfTeX warning (dest): name{Hfootnote.1} has been referenced but does not exist
, replaced by a fixed one

<C:/Users/jornstein/AppData/Local/Programs/MiKTeX 2.9/fonts/type1/public/amsfon
ts/cm/cmbx10.pfb><C:/Users/jornstein/AppData/Local/Programs/MiKTeX 2.9/fonts/ty
pe1/public/amsfonts/cm/cmbx12.pfb><C:/Users/jornstein/AppData/Local/Programs/Mi
KTeX 2.9/fonts/type1/public/amsfonts/cm/cmex10.pfb><C:/Users/jornstein/AppData/
Local/Programs/MiKTeX 2.9/fonts/type1/public/amsfonts/cmextra/cmex7.pfb><C:/Use
rs/jornstein/AppData/Local/Programs/MiKTeX 2.9/fonts/type1/public/amsfonts/cm/c
mmi10.pfb><C:/Users/jornstein/AppData/Local/Programs/MiKTeX 2.9/fonts/type1/pub
lic/amsfonts/cm/cmmi12.pfb><C:/Users/jornstein/AppData/Local/Programs/MiKTeX 2.
9/fonts/type1/public/amsfonts/cm/cmmi5.pfb><C:/Users/jornstein/AppData/Local/Pr
ograms/MiKTeX 2.9/fonts/type1/public/amsfonts/cm/cmmi6.pfb><C:/Users/jornstein/
AppData/Local/Programs/MiKTeX 2.9/fonts/type1/public/amsfonts/cm/cmmi7.pfb><C:/
Users/jornstein/AppData/Local/Programs/MiKTeX 2.9/fonts/type1/public/amsfonts/c
m/cmmi8.pfb><C:/Users/jornstein/AppData/Local/Programs/MiKTeX 2.9/fonts/type1/p
ublic/amsfonts/cm/cmr10.pfb><C:/Users/jornstein/AppData/Local/Programs/MiKTeX 2
.9/fonts/type1/public/amsfonts/cm/cmr12.pfb><C:/Users/jornstein/AppData/Local/P
rograms/MiKTeX 2.9/fonts/type1/public/amsfonts/cm/cmr17.pfb><C:/Users/jornstein
/AppData/Local/Programs/MiKTeX 2.9/fonts/type1/public/amsfonts/cm/cmr5.pfb><C:/
Users/jornstein/AppData/Local/Programs/MiKTeX 2.9/fonts/type1/public/amsfonts/c
m/cmr7.pfb><C:/Users/jornstein/AppData/Local/Programs/MiKTeX 2.9/fonts/type1/pu
blic/amsfonts/cm/cmr8.pfb><C:/Users/jornstein/AppData/Local/Programs/MiKTeX 2.9
/fonts/type1/public/amsfonts/cm/cmsy10.pfb><C:/Users/jornstein/AppData/Local/Pr
ograms/MiKTeX 2.9/fonts/type1/public/amsfonts/cm/cmsy7.pfb><C:/Users/jornstein/
AppData/Local/Programs/MiKTeX 2.9/fonts/type1/public/amsfonts/cm/cmsy8.pfb><C:/
Users/jornstein/AppData/Local/Programs/MiKTeX 2.9/fonts/type1/public/amsfonts/c
m/cmti10.pfb><C:/Users/jornstein/AppData/Local/Programs/MiKTeX 2.9/fonts/type1/
public/amsfonts/cm/cmti12.pfb><C:/Users/jornstein/AppData/Local/Programs/MiKTeX
 2.9/fonts/type1/public/amsfonts/cm/cmtt12.pfb>
Output written on InterestRateCostOfSocialDemocracy.pdf (28 pages, 906100 bytes
).
PDF statistics:
 496 PDF objects out of 1000 (max. 8388607)
 104 named destinations out of 1000 (max. 500000)
 171 words of extra memory for PDF output out of 10000 (max. 10000000)

